{"/Users/denis/Work/My Projects/awsEmail/index.js": {"path":"/Users/denis/Work/My Projects/awsEmail/index.js","statementMap":{"0":{"start":{"line":3,"column":18},"end":{"line":3,"column":56}},"1":{"start":{"line":5,"column":23},"end":{"line":36,"column":1}},"2":{"start":{"line":8,"column":26},"end":{"line":8,"column":42}},"3":{"start":{"line":9,"column":23},"end":{"line":9,"column":47}},"4":{"start":{"line":10,"column":19},"end":{"line":25,"column":5}},"5":{"start":{"line":27,"column":4},"end":{"line":35,"column":5}},"6":{"start":{"line":28,"column":24},"end":{"line":28,"column":52}},"7":{"start":{"line":29,"column":25},"end":{"line":29,"column":54}},"8":{"start":{"line":30,"column":8},"end":{"line":30,"column":55}},"9":{"start":{"line":31,"column":8},"end":{"line":31,"column":50}},"10":{"start":{"line":33,"column":8},"end":{"line":33,"column":53}},"11":{"start":{"line":34,"column":8},"end":{"line":34,"column":32}}},"fnMap":{"0":{"name":"(anonymous_0)","decl":{"start":{"line":5,"column":23},"end":{"line":5,"column":24}},"loc":{"start":{"line":5,"column":40},"end":{"line":36,"column":1}},"line":5}},"branchMap":{},"s":{"0":1,"1":1,"2":2,"3":2,"4":2,"5":2,"6":2,"7":2,"8":1,"9":1,"10":1,"11":1},"f":{"0":2},"b":{},"_coverageSchema":"1a1c01bbd47fc00a2c39e90264f33305004495a9","hash":"a29d19341e9214b64369cd87f06875284ed73e9d"}
}
